#
# A fatal error has been detected by the Java Runtime Environment:
#
#  EXCEPTION_ACCESS_VIOLATION (0xc0000005) at pc=0x0000000059118f45, pid=6864, tid=6504
#
# JRE version: Java(TM) SE Runtime Environment (8.0_91-b15) (build 1.8.0_91-b15)
# Java VM: Java HotSpot(TM) 64-Bit Server VM (25.91-b15 mixed mode windows-amd64 compressed oops)
# Problematic frame:
# V  [jvm.dll+0x128f45]
#
# Failed to write core dump. Minidumps are not enabled by default on client versions of Windows
#
# If you would like to submit a bug report, please visit:
#   http://bugreport.java.com/bugreport/crash.jsp
#

---------------  T H R E A D  ---------------

Current thread (0x000000001e020000):  JavaThread "JDWP Transport Listener: dt_socket" daemon [_thread_in_vm, id=6504, stack(0x000000001fac0000,0x000000001fbc0000)]

siginfo: ExceptionCode=0xc0000005, reading address 0xffffffffffffffff

Registers:
RAX=0x000000001fbbf401, RBX=0x000000001e020000, RCX=0x0063005c00740065, RDX=0x0000000000000000
RSP=0x000000001fbbf460, RBP=0x0063005c00740065, RSI=0x000000001fbbf578, RDI=0x0000000000da8e80
R8 =0x000000001e020000, R9 =0x0000000000008000, R10=0x0000000021377fa0, R11=0x000000001e042ccd
R12=0x0000000000000000, R13=0x000000001e02ae58, R14=0x0000000000000000, R15=0x0000000000000000
RIP=0x0000000059118f45, EFLAGS=0x0000000000010206

Top of Stack: (sp=0x000000001fbbf460)
0x000000001fbbf460:   000000001e020000 000000001e020000
0x000000001fbbf470:   000000001fbbf528 000000005931f32b
0x000000001fbbf480:   000000001e020000 000000005933bb8d
0x000000001fbbf490:   0000000000000000 000000005b159155
0x000000001fbbf4a0:   0000000020b2ad80 000000005b16291e
0x000000001fbbf4b0:   000000001e020000 0000000000000000
0x000000001fbbf4c0:   0000000000000000 0000000000000000
0x000000001fbbf4d0:   0063005c00740065 000000005b161a15
0x000000001fbbf4e0:   000000001fbbf578 000000001fbbf550
0x000000001fbbf4f0:   0000000000000001 0000000020b2ad80
0x000000001fbbf500:   0063005c00740065 000000005b1453b3
0x000000001fbbf510:   000000001fbbf640 0000000000000001
0x000000001fbbf520:   0000000000000001 0000000020b2ad80
0x000000001fbbf530:   0000000000000002 0000000000000000
0x000000001fbbf540:   0000000000000000 0000000000000000
0x000000001fbbf550:   0000000000000001 000000005b145571 

Instructions: (pc=0x0000000059118f45)
0x0000000059118f25:   cc cc cc cc cc cc cc cc cc cc cc 48 83 ec 28 48
0x0000000059118f35:   85 c9 75 07 33 c0 48 83 c4 28 c3 48 89 5c 24 20
0x0000000059118f45:   48 8b 19 48 85 db 74 20 48 83 fb 37 74 1a 48 8b
0x0000000059118f55:   13 48 8b cb ff 52 10 84 c0 74 0d 48 8b c3 48 8b 


Register to memory mapping:

RAX=0x000000001fbbf401 is pointing into the stack for thread: 0x000000001e020000
RBX=0x000000001e020000 is a thread
RCX=0x0063005c00740065 is an unknown value
RDX=0x0000000000000000 is an unknown value
RSP=0x000000001fbbf460 is pointing into the stack for thread: 0x000000001e020000
RBP=0x0063005c00740065 is an unknown value
RSI=0x000000001fbbf578 is pointing into the stack for thread: 0x000000001e020000
RDI=0x0000000000da8e80 is an unknown value
R8 =0x000000001e020000 is a thread
R9 =0x0000000000008000 is an unknown value
R10=0x0000000021377fa0 is an unknown value
R11=0x000000001e042ccd is an unknown value
R12=0x0000000000000000 is an unknown value
R13=0x000000001e02ae58 is an unknown value
R14=0x0000000000000000 is an unknown value
R15=0x0000000000000000 is an unknown value


Stack: [0x000000001fac0000,0x000000001fbc0000],  sp=0x000000001fbbf460,  free space=1021k
Native frames: (J=compiled Java code, j=interpreted, Vv=VM code, C=native code)
V  [jvm.dll+0x128f45]
V  [jvm.dll+0x34bb8d]
C  [jdwp.dll+0x21a15]
C  [jdwp.dll+0x53b3]
C  [jdwp.dll+0x5571]
C  [jdwp.dll+0xf0a8]
C  [jdwp.dll+0x1f2d5]
C  [jdwp.dll+0x1f4aa]
V  [jvm.dll+0x1bbf38]
V  [jvm.dll+0x243ae4]
V  [jvm.dll+0x29a99a]
C  [msvcr100.dll+0x21d9f]
C  [msvcr100.dll+0x21e3b]
C  [KERNEL32.DLL+0x11fe4]
C  [ntdll.dll+0x6efc1]


---------------  P R O C E S S  ---------------

Java Threads: ( => current thread )
  0x000000002085b000 JavaThread "ReaderThread" [_thread_in_native, id=20944, stack(0x0000000020ec0000,0x0000000020fc0000)]
  0x000000001e057000 JavaThread "Service Thread" daemon [_thread_blocked, id=5656, stack(0x00000000204c0000,0x00000000205c0000)]
  0x000000001e055800 JavaThread "C1 CompilerThread2" daemon [_thread_blocked, id=17992, stack(0x000000001ffc0000,0x00000000200c0000)]
  0x000000001e052800 JavaThread "C2 CompilerThread1" daemon [_thread_blocked, id=12796, stack(0x000000001fec0000,0x000000001ffc0000)]
  0x000000001e04e000 JavaThread "C2 CompilerThread0" daemon [_thread_blocked, id=13216, stack(0x000000001fdc0000,0x000000001fec0000)]
  0x000000001e033000 JavaThread "JDWP Command Reader" daemon [_thread_in_native, id=3208, stack(0x000000001fcc0000,0x000000001fdc0000)]
  0x000000001e030000 JavaThread "JDWP Event Helper Thread" daemon [_thread_blocked, id=12396, stack(0x000000001fbc0000,0x000000001fcc0000)]
=>0x000000001e020000 JavaThread "JDWP Transport Listener: dt_socket" daemon [_thread_in_vm, id=6504, stack(0x000000001fac0000,0x000000001fbc0000)]
  0x000000001e014800 JavaThread "Attach Listener" daemon [_thread_blocked, id=15944, stack(0x000000001f580000,0x000000001f680000)]
  0x000000001e013800 JavaThread "Signal Dispatcher" daemon [_thread_blocked, id=18568, stack(0x000000001f480000,0x000000001f580000)]
  0x000000001e000000 JavaThread "Finalizer" daemon [_thread_blocked, id=19316, stack(0x000000001f270000,0x000000001f370000)]
  0x0000000001685800 JavaThread "Reference Handler" daemon [_thread_blocked, id=4148, stack(0x000000001f170000,0x000000001f270000)]
  0x0000000001596800 JavaThread "main" [_thread_blocked, id=19312, stack(0x0000000001490000,0x0000000001590000)]

Other Threads:
  0x000000001dfd7800 VMThread [stack: 0x000000001f070000,0x000000001f170000] [id=20392]
  0x000000001e06e000 WatcherThread [stack: 0x00000000205c0000,0x00000000206c0000] [id=18356]

VM state:not at safepoint (normal execution)

VM Mutex/Monitor currently owned by a thread: None

Heap:
 PSYoungGen      total 75776K, used 43032K [0x000000076bb00000, 0x0000000770f80000, 0x00000007c0000000)
  eden space 65024K, 53% used [0x000000076bb00000,0x000000076dce76c8,0x000000076fa80000)
  from space 10752K, 77% used [0x000000076fa80000,0x000000077029ebb0,0x0000000770500000)
  to   space 10752K, 0% used [0x0000000770500000,0x0000000770500000,0x0000000770f80000)
 ParOldGen       total 173568K, used 16K [0x00000006c3000000, 0x00000006cd980000, 0x000000076bb00000)
  object space 173568K, 0% used [0x00000006c3000000,0x00000006c3004000,0x00000006cd980000)
 Metaspace       used 17845K, capacity 18282K, committed 18560K, reserved 1064960K
  class space    used 2196K, capacity 2309K, committed 2432K, reserved 1048576K

Card table byte_map: [0x0000000014410000,0x0000000014c00000] byte_map_base: 0x0000000010df8000

Marking Bits: (ParMarkBitMap*) 0x0000000059802f70
 Begin Bits: [0x0000000015000000, 0x0000000018f40000)
 End Bits:   [0x0000000018f40000, 0x000000001ce80000)

Polling page: 0x0000000000d90000

CodeCache: size=245760Kb used=5761Kb max_used=5777Kb free=239998Kb
 bounds [0x0000000005410000, 0x00000000059c0000, 0x0000000014410000]
 total_blobs=2092 nmethods=1699 adapters=313
 compilation: enabled

Compilation events (10 events):
Event: 3.308 Thread 0x000000001e055800 1696   !   3       sun.misc.URLClassPath$JarLoader::getResource (349 bytes)
Event: 3.310 Thread 0x000000001e055800 nmethod 1696 0x00000000059a4fd0 code [0x00000000059a5420, 0x00000000059a7708]
Event: 3.315 Thread 0x000000001e055800 1697       3       jdk.internal.org.objectweb.asm.MethodWriter::visitInsn (106 bytes)
Event: 3.316 Thread 0x000000001e055800 nmethod 1697 0x00000000059a9750 code [0x00000000059a9900, 0x00000000059a9da8]
Event: 3.327 Thread 0x000000001e052800 nmethod 1684 0x00000000059aecd0 code [0x00000000059aef40, 0x00000000059b0fc0]
Event: 3.332 Thread 0x000000001e04e000 nmethod 1685 0x00000000059b2910 code [0x00000000059b2b80, 0x00000000059b4a20]
Event: 6.314 Thread 0x000000001e055800 1698       3       java.lang.AbstractStringBuilder::append (50 bytes)
Event: 6.315 Thread 0x000000001e055800 nmethod 1698 0x00000000059ae410 code [0x00000000059ae5a0, 0x00000000059aeac8]
Event: 6.315 Thread 0x000000001e055800 1699       3       java.lang.StringBuilder::append (8 bytes)
Event: 6.315 Thread 0x000000001e055800 nmethod 1699 0x0000000005982710 code [0x0000000005982880, 0x0000000005982a28]

GC Heap History (2 events):
Event: 1.771 GC heap before
{Heap before GC invocations=1 (full 0):
 PSYoungGen      total 75776K, used 65024K [0x000000076bb00000, 0x0000000770f80000, 0x00000007c0000000)
  eden space 65024K, 100% used [0x000000076bb00000,0x000000076fa80000,0x000000076fa80000)
  from space 10752K, 0% used [0x0000000770500000,0x0000000770500000,0x0000000770f80000)
  to   space 10752K, 0% used [0x000000076fa80000,0x000000076fa80000,0x0000000770500000)
 ParOldGen       total 173568K, used 0K [0x00000006c3000000, 0x00000006cd980000, 0x000000076bb00000)
  object space 173568K, 0% used [0x00000006c3000000,0x00000006c3000000,0x00000006cd980000)
 Metaspace       used 12532K, capacity 12954K, committed 13312K, reserved 1060864K
  class space    used 1572K, capacity 1675K, committed 1792K, reserved 1048576K
Event: 1.782 GC heap after
Heap after GC invocations=1 (full 0):
 PSYoungGen      total 75776K, used 8314K [0x000000076bb00000, 0x0000000770f80000, 0x00000007c0000000)
  eden space 65024K, 0% used [0x000000076bb00000,0x000000076bb00000,0x000000076fa80000)
  from space 10752K, 77% used [0x000000076fa80000,0x000000077029ebb0,0x0000000770500000)
  to   space 10752K, 0% used [0x0000000770500000,0x0000000770500000,0x0000000770f80000)
 ParOldGen       total 173568K, used 16K [0x00000006c3000000, 0x00000006cd980000, 0x000000076bb00000)
  object space 173568K, 0% used [0x00000006c3000000,0x00000006c3004000,0x00000006cd980000)
 Metaspace       used 12532K, capacity 12954K, committed 13312K, reserved 1060864K
  class space    used 1572K, capacity 1675K, committed 1792K, reserved 1048576K
}

Deoptimization events (10 events):
Event: 2.758 Thread 0x0000000001596800 Uncommon trap: reason=class_check action=maybe_recompile pc=0x00000000055e87dc method=java.util.jar.JarFile.getJarEntry(Ljava/lang/String;)Ljava/util/jar/JarEntry; @ 2
Event: 2.759 Thread 0x0000000001596800 Uncommon trap: reason=class_check action=maybe_recompile pc=0x00000000055e87dc method=java.util.jar.JarFile.getJarEntry(Ljava/lang/String;)Ljava/util/jar/JarEntry; @ 2
Event: 2.759 Thread 0x0000000001596800 Uncommon trap: reason=class_check action=maybe_recompile pc=0x00000000055e87dc method=java.util.jar.JarFile.getJarEntry(Ljava/lang/String;)Ljava/util/jar/JarEntry; @ 2
Event: 2.839 Thread 0x0000000001596800 Uncommon trap: reason=unstable_if action=reinterpret pc=0x000000000586f160 method=java.lang.CharacterDataLatin1.digit(II)I @ 82
Event: 2.839 Thread 0x0000000001596800 Uncommon trap: reason=unstable_if action=reinterpret pc=0x0000000005842d6c method=java.lang.CharacterDataLatin1.digit(II)I @ 82
Event: 2.973 Thread 0x0000000001596800 Uncommon trap: reason=unstable_if action=reinterpret pc=0x0000000005958ea0 method=sun.security.util.DerValue.isPrintableStringChar(C)Z @ 21
Event: 3.274 Thread 0x0000000001596800 Uncommon trap: reason=unstable_if action=reinterpret pc=0x00000000056bd308 method=java.util.HashMap.hash(Ljava/lang/Object;)I @ 1
Event: 3.274 Thread 0x0000000001596800 Uncommon trap: reason=unstable_if action=reinterpret pc=0x000000000585de90 method=java.util.HashMap.hash(Ljava/lang/Object;)I @ 1
Event: 6.314 Thread 0x0000000001596800 Uncommon trap: reason=unstable_if action=reinterpret pc=0x000000000565ed0c method=java.lang.AbstractStringBuilder.append(Ljava/lang/String;)Ljava/lang/AbstractStringBuilder; @ 1
Event: 6.314 Thread 0x0000000001596800 Uncommon trap: reason=unstable_if action=reinterpret pc=0x0000000005611e74 method=java.lang.AbstractStringBuilder.append(Ljava/lang/String;)Ljava/lang/AbstractStringBuilder; @ 1

Internal exceptions (10 events):
Event: 1.813 Thread 0x0000000001596800 Exception <a 'java/lang/ClassNotFoundException': com/spotifire/spotifireback/MiscCodeTestBeanInfo> (0x000000076bbbb948) thrown at [C:\re\workspace\8-2-build-windows-amd64-cygwin\jdk8u91\7017\hotspot\src\share\vm\classfile\systemDictionary.cpp, line 210]
Event: 1.814 Thread 0x0000000001596800 Exception <a 'java/lang/ClassNotFoundException': com/spotifire/spotifireback/MiscCodeTestCustomizer> (0x000000076bbd4ba0) thrown at [C:\re\workspace\8-2-build-windows-amd64-cygwin\jdk8u91\7017\hotspot\src\share\vm\classfile\systemDictionary.cpp, line 210]
Event: 2.007 Thread 0x0000000001596800 Exception <a 'java/lang/NullPointerException'> (0x000000076c86d230) thrown at [C:\re\workspace\8-2-build-windows-amd64-cygwin\jdk8u91\7017\hotspot\src\share\vm\interpreter\linkResolver.cpp, line 1178]
Event: 2.008 Thread 0x0000000001596800 Exception <a 'java/lang/NullPointerException'> (0x000000076c878070) thrown at [C:\re\workspace\8-2-build-windows-amd64-cygwin\jdk8u91\7017\hotspot\src\share\vm\interpreter\linkResolver.cpp, line 1178]
Event: 2.008 Thread 0x0000000001596800 Exception <a 'java/io/FileNotFoundException'> (0x000000076c8786e8) thrown at [C:\re\workspace\8-2-build-windows-amd64-cygwin\jdk8u91\7017\hotspot\src\share\vm\prims\jni.cpp, line 709]
Event: 3.274 Thread 0x0000000001596800 Implicit null exception at 0x00000000056bd054 to 0x00000000056bd2f1
Event: 3.274 Thread 0x0000000001596800 Implicit null exception at 0x000000000585d8da to 0x000000000585de81
Event: 3.275 Thread 0x0000000001596800 Exception <a 'java/lang/NullPointerException'> (0x000000076d887168) thrown at [C:\re\workspace\8-2-build-windows-amd64-cygwin\jdk8u91\7017\hotspot\src\share\vm\interpreter\linkResolver.cpp, line 1178]
Event: 6.314 Thread 0x0000000001596800 Implicit null exception at 0x000000000565e85c to 0x000000000565ecf1
Event: 6.314 Thread 0x0000000001596800 Implicit null exception at 0x0000000005611a19 to 0x0000000005611e5d

Events (10 events):
Event: 9.353 Executing VM operation: GetOrSetLocal done
Event: 9.353 Executing VM operation: GetOrSetLocal
Event: 9.353 Executing VM operation: GetOrSetLocal done
Event: 13.285 Thread 0x0000000021aba800 Thread exited: 0x0000000021aba800
Event: 17.142 Executing VM operation: GetOrSetLocal
Event: 17.142 Executing VM operation: GetOrSetLocal done
Event: 162.218 Executing VM operation: ChangeBreakpoints
Event: 162.218 Executing VM operation: ChangeBreakpoints done
Event: 162.367 Executing VM operation: RedefineClasses
Event: 162.376 Executing VM operation: RedefineClasses done


Dynamic libraries:
0x00007ff69beb0000 - 0x00007ff69bee7000 	C:\Program Files\Java\jre1.8.0_91\bin\javaw.exe
0x00007ffd9dbe0000 - 0x00007ffd9ddc0000 	C:\windows\SYSTEM32\ntdll.dll
0x00007ffd9d530000 - 0x00007ffd9d5de000 	C:\windows\System32\KERNEL32.DLL
0x00007ffd9a320000 - 0x00007ffd9a586000 	C:\windows\System32\KERNELBASE.dll
0x00007ffd9b2f0000 - 0x00007ffd9b391000 	C:\windows\System32\ADVAPI32.dll
0x00007ffd9d7e0000 - 0x00007ffd9d87d000 	C:\windows\System32\msvcrt.dll
0x00007ffd9b3a0000 - 0x00007ffd9b3fb000 	C:\windows\System32\sechost.dll
0x00007ffd9b0b0000 - 0x00007ffd9b1cf000 	C:\windows\System32\RPCRT4.dll
0x00007ffd9d5e0000 - 0x00007ffd9d76f000 	C:\windows\System32\USER32.dll
0x00007ffd9af90000 - 0x00007ffd9afb0000 	C:\windows\System32\win32u.dll
0x00007ffd9bcd0000 - 0x00007ffd9bcf8000 	C:\windows\System32\GDI32.dll
0x00007ffd9ad90000 - 0x00007ffd9af23000 	C:\windows\System32\gdi32full.dll
0x00007ffd9a280000 - 0x00007ffd9a31b000 	C:\windows\System32\msvcp_win.dll
0x00007ffd9afb0000 - 0x00007ffd9b0a6000 	C:\windows\System32\ucrtbase.dll
0x00007ffd588e0000 - 0x00007ffd58b49000 	C:\windows\WinSxS\amd64_microsoft.windows.common-controls_6595b64144ccf1df_6.0.16299.309_none_15cfd4c4935e6b11\COMCTL32.dll
0x00007ffd9b8f0000 - 0x00007ffd9bbf8000 	C:\windows\System32\combase.dll
0x00007ffd9a200000 - 0x00007ffd9a272000 	C:\windows\System32\bcryptPrimitives.dll
0x00007ffd9db80000 - 0x00007ffd9dbad000 	C:\windows\System32\IMM32.DLL
0x000000005b180000 - 0x000000005b252000 	C:\Program Files\Java\jre1.8.0_91\bin\msvcr100.dll
0x0000000058ff0000 - 0x0000000059883000 	C:\Program Files\Java\jre1.8.0_91\bin\server\jvm.dll
0x00007ffd9b1d0000 - 0x00007ffd9b1d8000 	C:\windows\System32\PSAPI.DLL
0x00007ffd816e0000 - 0x00007ffd816e9000 	C:\windows\SYSTEM32\WSOCK32.dll
0x00007ffd9d770000 - 0x00007ffd9d7dc000 	C:\windows\System32\WS2_32.dll
0x00007ffd97840000 - 0x00007ffd97863000 	C:\windows\SYSTEM32\WINMM.dll
0x00007ffd8a230000 - 0x00007ffd8a23a000 	C:\windows\SYSTEM32\VERSION.dll
0x00007ffd97810000 - 0x00007ffd9783a000 	C:\windows\SYSTEM32\WINMMBASE.dll
0x00007ffd9a1b0000 - 0x00007ffd9a1fa000 	C:\windows\System32\cfgmgr32.dll
0x000000005b330000 - 0x000000005b33f000 	C:\Program Files\Java\jre1.8.0_91\bin\verify.dll
0x000000005b300000 - 0x000000005b329000 	C:\Program Files\Java\jre1.8.0_91\bin\java.dll
0x000000005b140000 - 0x000000005b175000 	C:\Program Files\Java\jre1.8.0_91\bin\jdwp.dll
0x000000005b130000 - 0x000000005b138000 	C:\Program Files\Java\jre1.8.0_91\bin\npt.dll
0x000000005b2e0000 - 0x000000005b2f6000 	C:\Program Files\Java\jre1.8.0_91\bin\zip.dll
0x00007ffd9c030000 - 0x00007ffd9d466000 	C:\windows\System32\SHELL32.dll
0x00007ffd9d470000 - 0x00007ffd9d516000 	C:\windows\System32\shcore.dll
0x00007ffd9a640000 - 0x00007ffd9ad87000 	C:\windows\System32\windows.storage.dll
0x00007ffd9da80000 - 0x00007ffd9dad1000 	C:\windows\System32\shlwapi.dll
0x00007ffd99fc0000 - 0x00007ffd99fd1000 	C:\windows\System32\kernel.appcore.dll
0x00007ffd99f50000 - 0x00007ffd99f9c000 	C:\windows\System32\powrprof.dll
0x00007ffd99f30000 - 0x00007ffd99f4b000 	C:\windows\System32\profapi.dll
0x000000005a590000 - 0x000000005a599000 	C:\Program Files\Java\jre1.8.0_91\bin\dt_socket.dll
0x00007ffd81930000 - 0x00007ffd81946000 	C:\windows\system32\napinsp.dll
0x00007ffd81830000 - 0x00007ffd8184a000 	C:\windows\system32\pnrpnsp.dll
0x00007ffd919c0000 - 0x00007ffd919d8000 	C:\windows\system32\NLAapi.dll
0x00007ffd997c0000 - 0x00007ffd99826000 	C:\windows\System32\mswsock.dll
0x00007ffd99590000 - 0x00007ffd99646000 	C:\windows\SYSTEM32\DNSAPI.dll
0x00007ffd9d520000 - 0x00007ffd9d528000 	C:\windows\System32\NSI.dll
0x00007ffd99550000 - 0x00007ffd99589000 	C:\windows\SYSTEM32\IPHLPAPI.DLL
0x00007ffd816f0000 - 0x00007ffd816fe000 	C:\windows\System32\winrnr.dll
0x00007ffd930a0000 - 0x00007ffd930b5000 	C:\windows\System32\wshbth.dll
0x00007ffd94e00000 - 0x00007ffd94e70000 	C:\windows\System32\fwpuclnt.dll
0x00007ffd99a90000 - 0x00007ffd99ab5000 	C:\windows\SYSTEM32\bcrypt.dll
0x00007ffd8cc60000 - 0x00007ffd8cc6a000 	C:\Windows\System32\rasadhlp.dll
0x000000005b2c0000 - 0x000000005b2da000 	C:\Program Files\Java\jre1.8.0_91\bin\net.dll
0x000000005b270000 - 0x000000005b294000 	C:\Program Files\Java\jre1.8.0_91\bin\sunec.dll
0x00007ffd99980000 - 0x00007ffd99997000 	C:\windows\SYSTEM32\CRYPTSP.dll
0x00007ffd993c0000 - 0x00007ffd993f3000 	C:\windows\system32\rsaenh.dll
0x00007ffd99e60000 - 0x00007ffd99e89000 	C:\windows\SYSTEM32\USERENV.dll
0x00007ffd999a0000 - 0x00007ffd999ab000 	C:\windows\SYSTEM32\CRYPTBASE.dll
0x00007ffd948d0000 - 0x00007ffd948e6000 	C:\windows\SYSTEM32\dhcpcsvc6.DLL
0x00007ffd94850000 - 0x00007ffd9486a000 	C:\windows\SYSTEM32\dhcpcsvc.DLL
0x000000005b2a0000 - 0x000000005b2b1000 	C:\Program Files\Java\jre1.8.0_91\bin\nio.dll
0x00007ffd8e740000 - 0x00007ffd8e908000 	C:\windows\SYSTEM32\dbghelp.dll

VM Arguments:
jvm_args: -agentlib:jdwp=transport=dt_socket,suspend=y,address=localhost:65161 -ea -Dfile.encoding=UTF-8 
java_command: org.eclipse.jdt.internal.junit.runner.RemoteTestRunner -version 3 -port 65160 -testLoaderClass org.eclipse.jdt.internal.junit4.runner.JUnit4TestLoader -loaderpluginname org.eclipse.jdt.junit4.runtime -test com.spotifire.spotifireback.MiscCodeTest:fetchTwitter
java_class_path (initial): C:\dev\workspace\spotifire-back\target\test-classes;C:\dev\workspace\spotifire-back\target\classes;C:\Users\jmpt\.m2\repository\javax\annotation\javax.annotation-api\1.3.2\javax.annotation-api-1.3.2.jar;C:\Users\jmpt\.m2\repository\javax\transaction\javax.transaction-api\1.2\javax.transaction-api-1.2.jar;C:\Users\jmpt\.m2\repository\javax\validation\validation-api\2.0.1.Final\validation-api-2.0.1.Final.jar;C:\Users\jmpt\.m2\repository\org\springframework\boot\spring-boot-starter-data-jpa\2.0.6.RELEASE\spring-boot-starter-data-jpa-2.0.6.RELEASE.jar;C:\Users\jmpt\.m2\repository\org\springframework\boot\spring-boot-starter\2.0.6.RELEASE\spring-boot-starter-2.0.6.RELEASE.jar;C:\Users\jmpt\.m2\repository\org\springframework\boot\spring-boot\2.0.6.RELEASE\spring-boot-2.0.6.RELEASE.jar;C:\Users\jmpt\.m2\repository\org\springframework\spring-core\5.0.10.RELEASE\spring-core-5.0.10.RELEASE.jar;C:\Users\jmpt\.m2\repository\org\springframework\spring-jcl\5.0.10.RELEASE\spring-jcl-5.0.10.RELEASE.jar;C:\Users\jmpt\.m2\repository\org\springframework\spring-context\5.0.10.RELEASE\spring-context-5.0.10.RELEASE.jar;C:\Users\jmpt\.m2\repository\org\springframework\spring-aop\5.0.10.RELEASE\spring-aop-5.0.10.RELEASE.jar;C:\Users\jmpt\.m2\repository\org\springframework\spring-beans\5.0.10.RELEASE\spring-beans-5.0.10.RELEASE.jar;C:\Users\jmpt\.m2\repository\org\springframework\spring-expression\5.0.10.RELEASE\spring-expression-5.0.10.RELEASE.jar;C:\Users\jmpt\.m2\repository\org\springframework\boot\spring-boot-autoconfigure\2.0.6.RELEASE\spring-boot-autoconfigure-2.0.6.RELEASE.jar;C:\Users\jmpt\.m2\repository\org\springframework\boot\spring-boot-starter-logging\2.0.6.RELEASE\spring-boot-starter-logging-2.0.6.RELEASE.jar;C:\Users\jmpt\.m2\repository\ch\qos\logback\logback-classic\1.2.3\logback-classic-1.2.3.jar;C:\Users\jmpt\.m2\repository\ch\qos\logback\logback-core\1.2.3\logback-core-1.2.3.jar;C:\Users\jmpt\.m2\repository\org\slf4j\slf4j-api\1.7.25\slf4j-api
Launcher Type: SUN_STANDARD

Environment Variables:
JAVA_HOME=C:\Program Files\Java\jdk1.8.0_161
PATH=C:/Program Files/Java/jre1.8.0_91/bin/server;C:/Program Files/Java/jre1.8.0_91/bin;C:/Program Files/Java/jre1.8.0_91/lib/amd64;C:\Program Files\Docker\Docker\Resources\bin;C:\Program Files (x86)\Common Files\Oracle\Java\javapath;C:\Program Files (x86)\Intel\iCLS Client\;C:\Program Files\Intel\iCLS Client\;C:\ProgramData\Oracle\Java\javapath;C:\windows\system32;C:\windows;C:\windows\System32\Wbem;C:\windows\System32\WindowsPowerShell\v1.0\;C:\Program Files (x86)\Intel\Intel(R) Management Engine Components\DAL;C:\Program Files\Intel\Intel(R) Management Engine Components\DAL;C:\Program Files (x86)\Intel\Intel(R) Management Engine Components\IPT;C:\Program Files\Intel\Intel(R) Management Engine Components\IPT;C:\Program Files\PuTTY\;C:\Program Files\Git\cmd;C:\apache-maven-3.3.9\bin;C:\Program Files\Microsoft SQL Server\Client SDK\ODBC\130\Tools\Binn\;C:\Program Files (x86)\Microsoft SQL Server\140\Tools\Binn\;C:\Program Files\Microsoft SQL Server\140\Tools\Binn\;C:\Program Files\Microsoft SQL Server\140\DTS\Binn\;C:\Program Files (x86)\Microsoft SQL Server\Client SDK\ODBC\130\Tools\Binn\;C:\Program Files (x86)\Microsoft SQL Server\140\DTS\Binn\;C:\Program Files (x86)\Microsoft SQL Server\140\Tools\Binn\ManagementStudio\;C:\HashiCorp\Vagrant\bin;C:\Program Files\Intel\WiFi\bin\;C:\Program Files\Common Files\Intel\WirelessCommon\;C:\Program Files\Microsoft VS Code\bin;C:\Users\jmpt\AppData\Local\Continuum\anaconda3;C:\Program Files\nodejs\;C:\ProgramData\chocolatey\bin;C:\Users\jmpt\AppData\Local\Microsoft\WindowsApps;C:\Program Files\Intel\WiFi\bin\;C:\Program Files\Common Files\Intel\WirelessCommon\;C:\Users\jmpt\AppData\Roaming\npm;C:\windows\System32;
USERNAME=jmpt
OS=Windows_NT
PROCESSOR_IDENTIFIER=Intel64 Family 6 Model 142 Stepping 9, GenuineIntel



---------------  S Y S T E M  ---------------

OS: Windows 10.0 , 64 bit Build 16299 (10.0.16299.15)

CPU:total 4 (2 cores per cpu, 2 threads per core) family 6 model 142 stepping 9, cmov, cx8, fxsr, mmx, sse, sse2, sse3, ssse3, sse4.1, sse4.2, popcnt, avx, avx2, aes, clmul, erms, rtm, 3dnowpref, lzcnt, ht, tsc, tscinvbit, bmi1, bmi2, adx

Memory: 4k page, physical 16579192k(5327056k free), swap 24705656k(8111872k free)

vm_info: Java HotSpot(TM) 64-Bit Server VM (25.91-b15) for windows-amd64 JRE (1.8.0_91-b15), built on May 20 2016 17:43:15 by "java_re" with MS VC++ 10.0 (VS2010)

time: Sun Oct 21 11:56:18 2018
elapsed time: 162 seconds (0d 0h 2m 42s)

